[I 2026-09-30 20:30:43,517] A new study created in memory with name: no-name-5cbea298-628f-4e45-bf0b-81dc90197b42
[I 2026-09-30 20:30:43,668] Trial 0 finished with value: 0.4343434343434343 and parameters: {'max_depth': 4, 'lr': 0.0862735828664018, 'n_estimators': 493, 'subsample': 0.8394633936788146, 'col_bt': 0.5780093202212182, 'alpha': 0.15599452033620265, 'lambda': 0.6452090304204987, 'mcw': 7, 'gamma': 0.3005575058716044}. Best is trial 0 with value: 0.4343434343434343.
[I 2026-09-30 20:30:43,887] Trial 1 finished with value: 0.6793650793650793 and parameters: {'max_depth': 6, 'lr': 0.005318033256270142, 'n_estimators': 588, 'subsample': 0.9329770563201687, 'col_bt': 0.6061695553391381, 'alpha': 0.18182496720710062, 'lambda': 0.9585112746335845, 'mcw': 3, 'gamma': 0.2623782158161189}. Best is trial 1 with value: 0.6793650793650793.
[I 2026-09-30 20:30:44,009] Trial 2 finished with value: 0.4343434343434343 and parameters: {'max_depth': 5, 'lr': 0.011963764382790322, 'n_estimators': 445, 'subsample': 0.6557975442608167, 'col_bt': 0.6460723242676091, 'alpha': 0.3663618432936917, 'lambda': 1.64017496054259, 'mcw': 6, 'gamma': 0.09983689107917987}. Best is trial 1 with value: 0.6793650793650793.
[I 2026-09-30 20:30:44,069] Trial 3 finished with value: 0.4343434343434343 and parameters: {'max_depth': 5, 'lr': 0.029493012052163467, 'n_estimators': 218, 'subsample': 0.8430179407605753, 'col_bt': 0.5852620618436457, 'alpha': 0.06505159298527952, 'lambda': 2.8722138431333333, 'mcw': 7, 'gamma': 0.40419867405823057}. Best is trial 1 with value: 0.6793650793650793.
[I 2026-09-30 20:30:44,190] Trial 4 finished with value: 0.4343434343434343 and parameters: {'max_depth': 4, 'lr': 0.006699530280754897, 'n_estimators': 474, 'subsample': 0.7760609974958406, 'col_bt': 0.5610191174223894, 'alpha': 0.4951769101112702, 'lambda': 0.585971302788046, 'mcw': 7, 'gamma': 0.12938999080000846}. Best is trial 1 with value: 0.6793650793650793.
[I 2026-09-30 20:30:44,287] Trial 5 finished with value: 0.4343434343434343 and parameters: {'max_depth': 6, 'lr': 0.012720830454691846, 'n_estimators': 408, 'subsample': 0.8186841117373118, 'col_bt': 0.5924272277627636, 'alpha': 0.9695846277645586, 'lambda': 2.4378320584027864, 'mcw': 7, 'gamma': 0.4474136752138244}. Best is trial 1 with value: 0.6793650793650793.
[I 2026-09-30 20:30:44,364] Trial 6 finished with value: 0.7269841269841271 and parameters: {'max_depth': 5, 'lr': 0.07913270952323785, 'n_estimators': 235, 'subsample': 0.6783931449676581, 'col_bt': 0.522613644455269, 'alpha': 0.32533033076326434, 'lambda': 1.471693224223705, 'mcw': 2, 'gamma': 0.41436875457596467}. Best is trial 6 with value: 0.7269841269841271.
[I 2026-09-30 20:30:44,470] Trial 7 finished with value: 0.4343434343434343 and parameters: {'max_depth': 4, 'lr': 0.011600433752378412, 'n_estimators': 417, 'subsample': 0.6563696899899051, 'col_bt': 0.9010984903770198, 'alpha': 0.07455064367977082, 'lambda': 2.9672173415012932, 'mcw': 6, 'gamma': 0.0993578407670862}. Best is trial 6 with value: 0.7269841269841271.
[I 2026-09-30 20:30:44,601] Trial 8 finished with value: 0.6984126984126983 and parameters: {'max_depth': 3, 'lr': 0.057532041236250865, 'n_estimators': 483, 'subsample': 0.8916028672163949, 'col_bt': 0.8856351733429728, 'alpha': 0.07404465173409036, 'lambda': 1.3961643213606816, 'mcw': 1, 'gamma': 0.43155171293779676}. Best is trial 6 with value: 0.7269841269841271.
[I 2026-09-30 20:30:44,662] Trial 9 finished with value: 0.4343434343434343 and parameters: {'max_depth': 6, 'lr': 0.013473432786208842, 'n_estimators': 225, 'subsample': 0.7243929286862649, 'col_bt': 0.6625916610133735, 'alpha': 0.7296061783380641, 'lambda': 2.093893678388033, 'mcw': 7, 'gamma': 0.23610746258097465}. Best is trial 6 with value: 0.7269841269841271.
[I 2026-09-30 20:30:44,759] Trial 10 finished with value: 0.7242465137201979 and parameters: {'max_depth': 6, 'lr': 0.016523414232953147, 'n_estimators': 203, 'subsample': 0.828734866168684, 'col_bt': 0.617601575239106, 'alpha': 0.09473659239991672, 'lambda': 0.7009330555216292, 'mcw': 1, 'gamma': 0.19262097423037325}. Best is trial 6 with value: 0.7269841269841271.
[I 2026-09-30 20:30:44,864] Trial 11 finished with value: 0.6984126984126985 and parameters: {'max_depth': 6, 'lr': 0.048432492882099, 'n_estimators': 324, 'subsample': 0.8252597439530188, 'col_bt': 0.6491409338590128, 'alpha': 0.15519782916668595, 'lambda': 0.583799294642779, 'mcw': 2, 'gamma': 0.1650184947992187}. Best is trial 6 with value: 0.7269841269841271.
[I 2026-09-30 20:30:44,946] Trial 12 finished with value: 0.7286324786324787 and parameters: {'max_depth': 5, 'lr': 0.025099498858296335, 'n_estimators': 219, 'subsample': 0.6347897967425657, 'col_bt': 0.5975600462694921, 'alpha': 0.30644309388714247, 'lambda': 1.002854579941336, 'mcw': 1, 'gamma': 0.4506879833954674}. Best is trial 12 with value: 0.7286324786324787.
[I 2026-09-30 20:30:45,021] Trial 13 finished with value: 0.6825396825396824 and parameters: {'max_depth': 5, 'lr': 0.06694322520221027, 'n_estimators': 203, 'subsample': 0.7003190522608261, 'col_bt': 0.6429888008151164, 'alpha': 0.3590741984936626, 'lambda': 1.108682518942865, 'mcw': 1, 'gamma': 0.44480409444476554}. Best is trial 12 with value: 0.7286324786324787.
[I 2026-09-30 20:30:45,114] Trial 14 finished with value: 0.6662274923144488 and parameters: {'max_depth': 4, 'lr': 0.09594770071211962, 'n_estimators': 347, 'subsample': 0.6169347958129643, 'col_bt': 0.5523276361053114, 'alpha': 0.21116485929804657, 'lambda': 1.0701735649014368, 'mcw': 3, 'gamma': 0.4033895398461185}. Best is trial 12 with value: 0.7286324786324787.
[I 2026-09-30 20:30:45,194] Trial 15 finished with value: 0.7452991452991453 and parameters: {'max_depth': 5, 'lr': 0.027163984816207246, 'n_estimators': 205, 'subsample': 0.6008353485694676, 'col_bt': 0.5201071237209349, 'alpha': 0.4291530047974031, 'lambda': 1.4724567819793284, 'mcw': 1, 'gamma': 0.40779293729255905}. Best is trial 15 with value: 0.7452991452991453.
[I 2026-09-30 20:30:45,278] Trial 16 finished with value: 0.7286324786324787 and parameters: {'max_depth': 6, 'lr': 0.021535027079318377, 'n_estimators': 222, 'subsample': 0.6849098233266487, 'col_bt': 0.5227572030323269, 'alpha': 0.5206133784698902, 'lambda': 0.6657844288830377, 'mcw': 1, 'gamma': 0.47809746276884324}. Best is trial 15 with value: 0.7452991452991453.
[I 2026-09-30 20:30:45,368] Trial 17 finished with value: 0.5343434343434343 and parameters: {'max_depth': 4, 'lr': 0.030405818359345103, 'n_estimators': 284, 'subsample': 0.6634872570376523, 'col_bt': 0.6410539611658406, 'alpha': 0.3454827780281797, 'lambda': 0.6136648526629771, 'mcw': 3, 'gamma': 0.4551350693904613}. Best is trial 15 with value: 0.7452991452991453.
[I 2026-09-30 20:30:45,477] Trial 18 finished with value: 0.6793650793650793 and parameters: {'max_depth': 4, 'lr': 0.028563432628274987, 'n_estimators': 332, 'subsample': 0.6632718791759468, 'col_bt': 0.5460809192351573, 'alpha': 0.4982072510722333, 'lambda': 1.39477844326972, 'mcw': 2, 'gamma': 0.30340362937386833}. Best is trial 15 with value: 0.7452991452991453.
[I 2026-09-30 20:30:45,571] Trial 19 finished with value: 0.7111111111111111 and parameters: {'max_depth': 4, 'lr': 0.016322584365550903, 'n_estimators': 273, 'subsample': 0.7010441123314973, 'col_bt': 0.5340041447721198, 'alpha': 0.3106551822503921, 'lambda': 1.4538939898040848, 'mcw': 2, 'gamma': 0.49899218729719147}. Best is trial 15 with value: 0.7452991452991453.
[I 2026-09-30 20:30:45,649] Trial 20 finished with value: 0.7111111111111111 and parameters: {'max_depth': 6, 'lr': 0.011608342137817959, 'n_estimators': 209, 'subsample': 0.6272944335342536, 'col_bt': 0.5577105695289863, 'alpha': 0.36376913010719797, 'lambda': 1.1825614333190106, 'mcw': 2, 'gamma': 0.36453257443869924}. Best is trial 15 with value: 0.7452991452991453.
[I 2026-09-30 20:30:45,728] Trial 21 finished with value: 0.7111111111111111 and parameters: {'max_depth': 5, 'lr': 0.026935375164549386, 'n_estimators': 242, 'subsample': 0.6465058912752857, 'col_bt': 0.6090365877054512, 'alpha': 0.543495517177316, 'lambda': 1.6403581235536242, 'mcw': 2, 'gamma': 0.47163443068376626}. Best is trial 15 with value: 0.7452991452991453.
[I 2026-09-30 20:30:45,817] Trial 22 finished with value: 0.7746031746031745 and parameters: {'max_depth': 7, 'lr': 0.02333645803284636, 'n_estimators': 227, 'subsample': 0.6092552505165569, 'col_bt': 0.5150284327800021, 'alpha': 0.5431562706907215, 'lambda': 1.3609113788634994, 'mcw': 1, 'gamma': 0.3844757891697784}. Best is trial 22 with value: 0.7746031746031745.
[I 2026-09-30 20:30:45,917] Trial 23 finished with value: 0.7746031746031745 and parameters: {'max_depth': 7, 'lr': 0.019801152293110955, 'n_estimators': 283, 'subsample': 0.6206360962022605, 'col_bt': 0.5508822406894011, 'alpha': 0.4382711679132763, 'lambda': 1.255791969711498, 'mcw': 1, 'gamma': 0.2766823211577978}. Best is trial 22 with value: 0.7746031746031745.
[I 2026-09-30 20:30:45,993] Trial 24 finished with value: 0.7111111111111111 and parameters: {'max_depth': 7, 'lr': 0.011960157799915635, 'n_estimators': 206, 'subsample': 0.6485891266392965, 'col_bt': 0.5338912886815359, 'alpha': 0.6861448799353456, 'lambda': 1.4332719430398366, 'mcw': 2, 'gamma': 0.3139183373717273}. Best is trial 22 with value: 0.7746031746031745.
[I 2026-09-30 20:31:07,752] A new study created in memory with name: no-name-e7c81810-ad8e-46ad-b623-c92ad4d80782
[I 2026-09-30 20:31:07,852] Trial 0 finished with value: 0.6324786324786325 and parameters: {'n_estimators': 350, 'max_depth': 7, 'lr': 0.044803926826840625, 'num_leaves': 44, 'mcs': 3, 'subsample': 0.662397808134481, 'col_bt': 0.5290418060840998}. Best is trial 0 with value: 0.6324786324786325.
[I 2026-09-30 20:31:07,925] Trial 1 finished with value: 0.6746031746031745 and parameters: {'n_estimators': 547, 'max_depth': 6, 'lr': 0.04170553216181044, 'num_leaves': 16, 'mcs': 10, 'subsample': 0.9329770563201687, 'col_bt': 0.6061695553391381}. Best is trial 1 with value: 0.6746031746031745.
[I 2026-09-30 20:31:07,986] Trial 2 finished with value: 0.6691086691086691 and parameters: {'n_estimators': 272, 'max_depth': 3, 'lr': 0.012439367209907218, 'num_leaves': 40, 'mcs': 5, 'subsample': 0.7164916560792167, 'col_bt': 0.8059264473611898}. Best is trial 1 with value: 0.6746031746031745.
[I 2026-09-30 20:31:08,038] Trial 3 finished with value: 0.5923076923076923 and parameters: {'n_estimators': 255, 'max_depth': 4, 'lr': 0.014983654548550792, 'num_leaves': 37, 'mcs': 9, 'subsample': 0.6798695128633439, 'col_bt': 0.7571172192068059}. Best is trial 1 with value: 0.6746031746031745.
[I 2026-09-30 20:31:08,128] Trial 4 finished with value: 0.6102564102564103 and parameters: {'n_estimators': 437, 'max_depth': 3, 'lr': 0.030860579740535368, 'num_leaves': 23, 'mcs': 2, 'subsample': 0.9795542149013333, 'col_bt': 0.9828160165372797}. Best is trial 1 with value: 0.6746031746031745.
[I 2026-09-30 20:31:08,227] Trial 5 finished with value: 0.5675213675213676 and parameters: {'n_estimators': 524, 'max_depth': 4, 'lr': 0.006699530280754897, 'num_leaves': 48, 'mcs': 5, 'subsample': 0.6488152939379115, 'col_bt': 0.7475884550556351}. Best is trial 1 with value: 0.6746031746031745.
[I 2026-09-30 20:31:08,284] Trial 6 finished with value: 0.6405228758169934 and parameters: {'n_estimators': 213, 'max_depth': 7, 'lr': 0.010855517271883068, 'num_leaves': 47, 'mcs': 4, 'subsample': 0.8080272084711243, 'col_bt': 0.7733551396716398}. Best is trial 1 with value: 0.6746031746031745.
[I 2026-09-30 20:31:08,345] Trial 7 finished with value: 0.6979949874686717 and parameters: {'n_estimators': 274, 'max_depth': 7, 'lr': 0.050984839695857445, 'num_leaves': 61, 'mcs': 10, 'subsample': 0.8391599915244341, 'col_bt': 0.9609371175115584}. Best is trial 7 with value: 0.6979949874686717.
[I 2026-09-30 20:31:08,401] Trial 8 finished with value: 0.6574127626759206 and parameters: {'n_estimators': 235, 'max_depth': 3, 'lr': 0.005725482134163321, 'num_leaves': 30, 'mcs': 5, 'subsample': 0.7085396127095583, 'col_bt': 0.9143687545759647}. Best is trial 7 with value: 0.6979949874686717.
[I 2026-09-30 20:31:08,457] Trial 9 finished with value: 0.5549707602339181 and parameters: {'n_estimators': 343, 'max_depth': 4, 'lr': 0.025411709798607296, 'num_leaves': 21, 'mcs': 9, 'subsample': 0.6298202574719083, 'col_bt': 0.9934434683002586}. Best is trial 7 with value: 0.6979949874686717.
[I 2026-09-30 20:31:08,533] Trial 10 finished with value: 0.6193732193732194 and parameters: {'n_estimators': 289, 'max_depth': 6, 'lr': 0.0964468260842847, 'num_leaves': 57, 'mcs': 4, 'subsample': 0.7147900048497109, 'col_bt': 0.8527022195021312}. Best is trial 7 with value: 0.6979949874686717.
[I 2026-09-30 20:31:08,597] Trial 11 finished with value: 0.6271929824561403 and parameters: {'n_estimators': 320, 'max_depth': 6, 'lr': 0.047780837773134514, 'num_leaves': 19, 'mcs': 9, 'subsample': 0.9137533175131778, 'col_bt': 0.6418099416422416}. Best is trial 7 with value: 0.6979949874686717.
[I 2026-09-30 20:31:08,677] Trial 12 finished with value: 0.6746031746031745 and parameters: {'n_estimators': 581, 'max_depth': 7, 'lr': 0.06591933312656705, 'num_leaves': 22, 'mcs': 10, 'subsample': 0.8367472200336629, 'col_bt': 0.7690056888227469}. Best is trial 7 with value: 0.6979949874686717.
[I 2026-09-30 20:31:08,742] Trial 13 finished with value: 0.6241830065359477 and parameters: {'n_estimators': 427, 'max_depth': 6, 'lr': 0.05648413229192094, 'num_leaves': 48, 'mcs': 10, 'subsample': 0.90948265119514, 'col_bt': 0.5393613137055879}. Best is trial 7 with value: 0.6979949874686717.
[I 2026-09-30 20:31:08,801] Trial 14 finished with value: 0.5549707602339181 and parameters: {'n_estimators': 209, 'max_depth': 7, 'lr': 0.03972166563778019, 'num_leaves': 16, 'mcs': 9, 'subsample': 0.8564423407046917, 'col_bt': 0.894796282887077}. Best is trial 7 with value: 0.6979949874686717.
[I 2026-09-30 20:31:08,877] Trial 15 finished with value: 0.6979949874686717 and parameters: {'n_estimators': 481, 'max_depth': 7, 'lr': 0.07606454045357912, 'num_leaves': 58, 'mcs': 10, 'subsample': 0.9085618616326446, 'col_bt': 0.9494246333803195}. Best is trial 7 with value: 0.6979949874686717.
[I 2026-09-30 20:31:08,956] Trial 16 finished with value: 0.5994152046783626 and parameters: {'n_estimators': 452, 'max_depth': 7, 'lr': 0.09394499828801092, 'num_leaves': 53, 'mcs': 9, 'subsample': 0.828607404290038, 'col_bt': 0.994131356362552}. Best is trial 7 with value: 0.6979949874686717.
[I 2026-09-30 20:31:09,014] Trial 17 finished with value: 0.5994152046783626 and parameters: {'n_estimators': 237, 'max_depth': 7, 'lr': 0.07690837313630278, 'num_leaves': 52, 'mcs': 9, 'subsample': 0.842664956866305, 'col_bt': 0.8568743547919826}. Best is trial 7 with value: 0.6979949874686717.
[I 2026-09-30 20:31:09,097] Trial 18 finished with value: 0.6124871001031992 and parameters: {'n_estimators': 412, 'max_depth': 7, 'lr': 0.04696885640573121, 'num_leaves': 60, 'mcs': 8, 'subsample': 0.8162189252227604, 'col_bt': 0.8353354807453715}. Best is trial 7 with value: 0.6979949874686717.
[I 2026-09-30 20:31:09,186] Trial 19 finished with value: 0.6979949874686717 and parameters: {'n_estimators': 534, 'max_depth': 6, 'lr': 0.08205781904196568, 'num_leaves': 54, 'mcs': 10, 'subsample': 0.9451374684053329, 'col_bt': 0.9578075756579802}. Best is trial 7 with value: 0.6979949874686717.
[I 2026-09-30 20:31:09,259] Trial 20 finished with value: 0.6979949874686717 and parameters: {'n_estimators': 416, 'max_depth': 7, 'lr': 0.08529893565772996, 'num_leaves': 61, 'mcs': 10, 'subsample': 0.9482544129043166, 'col_bt': 0.9996310546773836}. Best is trial 7 with value: 0.6979949874686717.
[I 2026-09-30 20:31:09,333] Trial 21 finished with value: 0.6746031746031745 and parameters: {'n_estimators': 540, 'max_depth': 7, 'lr': 0.051847871190405015, 'num_leaves': 48, 'mcs': 10, 'subsample': 0.9156173289062233, 'col_bt': 0.8424525034762869}. Best is trial 7 with value: 0.6979949874686717.
[I 2026-09-30 20:31:09,414] Trial 22 finished with value: 0.6124871001031992 and parameters: {'n_estimators': 475, 'max_depth': 6, 'lr': 0.05638725951743287, 'num_leaves': 55, 'mcs': 9, 'subsample': 0.9783429575135273, 'col_bt': 0.8887300330268165}. Best is trial 7 with value: 0.6979949874686717.
[I 2026-09-30 20:31:09,489] Trial 23 finished with value: 0.5732714138286893 and parameters: {'n_estimators': 489, 'max_depth': 7, 'lr': 0.03162517619109382, 'num_leaves': 47, 'mcs': 9, 'subsample': 0.9366975016542873, 'col_bt': 0.9476302129611298}. Best is trial 7 with value: 0.6979949874686717.
[I 2026-09-30 20:31:09,561] Trial 24 finished with value: 0.6979949874686717 and parameters: {'n_estimators': 412, 'max_depth': 6, 'lr': 0.03839707324117693, 'num_leaves': 63, 'mcs': 10, 'subsample': 0.9212975143735611, 'col_bt': 0.9411233476427205}. Best is trial 7 with value: 0.6979949874686717.
