  [I 2026-09-30 19:27:06,966] Trial 14 finished with value: 0.7655011655011655 and parameters: {'max_depth': 5, 'lr': 0.05765984611793069, 'n_estimators': 532, 'subsample': 0.8687543115101817, 'col_bt': 0.9957700427645324, 'alpha': 0.2793674968763312, 'lambda': 2.3284858625527196, 'mcw': 2, 'gamma': 0.4151442548714017}. Best is trial 8 with value: 0.7851851851851852.
  [I 2026-09-30 19:27:07,131] Trial 15 finished with value: 0.7609427609427609 and parameters: {'max_depth': 5, 'lr': 0.05580663470144886, 'n_estimators': 483, 'subsample': 0.7816577369618598, 'col_bt': 0.9138419828275853, 'alpha': 0.10412071613355309, 'lambda': 0.965828450970748, 'mcw': 1, 'gamma': 0.4416601643464512}. Best is trial 8 with value: 0.7851851851851852.
  [I 2026-09-30 19:27:07,314] Trial 16 finished with value: 0.7851851851851852 and parameters: {'max_depth': 3, 'lr': 0.05492031201024525, 'n_estimators': 532, 'subsample': 0.9348633983763862, 'col_bt': 0.8595954901351972, 'alpha': 0.4765778069400137, 'lambda': 2.338858976672146, 'mcw': 1, 'gamma': 0.29571849575367093}. Best is trial 8 with value: 0.7851851851851852.
  [I 2026-09-30 19:27:07,515] Trial 17 finished with value: 0.7609427609427609 and parameters: {'max_depth': 3, 'lr': 0.019183420006796303, 'n_estimators': 527, 'subsample': 0.8253599512016531, 'col_bt': 0.8106905110257044, 'alpha': 0.3951816527544373, 'lambda': 1.5386405782463919, 'mcw': 1, 'gamma': 0.49196954838520557}. Best is trial 8 with value: 0.7851851851851852.
  [I 2026-09-30 19:27:07,684] Trial 18 finished with value: 0.7655011655011655 and parameters: {'max_depth': 3, 'lr': 0.06326849367266534, 'n_estimators': 494, 'subsample': 0.883154345835686, 'col_bt': 0.8620764588876826, 'alpha': 0.1710861246669386, 'lambda': 1.7399106997675853, 'mcw': 2, 'gamma': 0.22482384236118708}. Best is trial 8 with value: 0.7851851851851852.
  [I 2026-09-30 19:27:07,923] Trial 19 finished with value: 0.7609427609427609 and parameters: {'max_depth': 4, 'lr': 0.01863416668598988, 'n_estimators': 554, 'subsample': 0.8229679522212728, 'col_bt': 0.8897797522579061, 'alpha': 0.037730152639948944, 'lambda': 2.278833133573517, 'mcw': 1, 'gamma': 0.4716267615088371}. Best is trial 8 with value: 0.7851851851851852.
  [I 2026-09-30 19:27:08,067] Trial 20 finished with value: 0.7851851851851852 and parameters: {'max_depth': 3, 'lr': 0.05743469271810665, 'n_estimators': 405, 'subsample': 0.9876713776960573, 'col_bt': 0.8508589461308556, 'alpha': 0.173766244590204, 'lambda': 0.5506695192731195, 'mcw': 1, 'gamma': 0.44392594707442584}. Best is trial 8 with value: 0.7851851851851852.
  [I 2026-09-30 19:27:08,255] Trial 21 finished with value: 0.7609427609427609 and parameters: {'max_depth': 4, 'lr': 0.03541983622458187, 'n_estimators': 533, 'subsample': 0.8813365420988217, 'col_bt': 0.8344980893176757, 'alpha': 0.14802423331794373, 'lambda': 2.764833574486051, 'mcw': 1, 'gamma': 0.44029461420869415}. Best is trial 8 with value: 0.7851851851851852.
  [I 2026-09-30 19:27:08,432] Trial 22 finished with value: 0.7655011655011655 and parameters: {'max_depth': 3, 'lr': 0.06365496334956167, 'n_estimators': 526, 'subsample': 0.9480989761920101, 'col_bt': 0.9115208071253632, 'alpha': 0.3865867834081145, 'lambda': 2.17410365782339, 'mcw': 2, 'gamma': 0.4443820682427915}. Best is trial 8 with value: 0.7851851851851852.
  [I 2026-09-30 19:27:08,638] Trial 23 finished with value: 0.7851851851851852 and parameters: {'max_depth': 4, 'lr': 0.022297372831606373, 'n_estimators': 515, 'subsample': 0.901120540304939, 'col_bt': 0.7857251065694977, 'alpha': 0.3678547069173487, 'lambda': 2.27020791082473, 'mcw': 1, 'gamma': 0.3594953888322666}. Best is trial 8 with value: 0.7851851851851852.
  [I 2026-09-30 19:27:08,821] Trial 24 finished with value: 0.7412587412587414 and parameters: {'max_depth': 3, 'lr': 0.06410920804490511, 'n_estimators': 518, 'subsample': 0.9370286002376177, 'col_bt': 0.8784078713129172, 'alpha': 0.38733502411621645, 'lambda': 2.611845284701114, 'mcw': 2, 'gamma': 0.3382304039286772}. Best is trial 8 with value: 0.7851851851851852.
  [I 2026-09-30 19:27:30,119] A new study created in memory with name: no-name-78d3d281-b12d-4c0e-ade3-7a222b89da0f
  [I 2026-09-30 19:27:30,198] Trial 0 finished with value: 0.8962962962962964 and parameters: {'n_estimators': 350, 'max_depth': 7, 'lr': 0.044803926826840625, 'num_leaves': 44, 'mcs': 3, 'subsample': 0.662397808134481, 'col_bt': 0.5290418060840998}. Best is trial 0 with value: 0.8962962962962964.
  [I 2026-09-30 19:27:30,234] Trial 1 finished with value: 0.2380952380952381 and parameters: {'n_estimators': 547, 'max_depth': 6, 'lr': 0.04170553216181044, 'num_leaves': 16, 'mcs': 10, 'subsample': 0.9329770563201687, 'col_bt': 0.6061695553391381}. Best is trial 0 with value: 0.8962962962962964.
  [I 2026-09-30 19:27:30,287] Trial 2 finished with value: 0.872053872053872 and parameters: {'n_estimators': 272, 'max_depth': 3, 'lr': 0.012439367209907218, 'num_leaves': 40, 'mcs': 5, 'subsample': 0.7164916560792167, 'col_bt': 0.8059264473611898}. Best is trial 0 with value: 0.8962962962962964.
  [I 2026-09-30 19:27:30,319] Trial 3 finished with value: 0.5047619047619047 and parameters: {'n_estimators': 255, 'max_depth': 4, 'lr': 0.014983654548550792, 'num_leaves': 37, 'mcs': 9, 'subsample': 0.6798695128633439, 'col_bt': 0.7571172192068059}. Best is trial 0 with value: 0.8962962962962964.
  [I 2026-09-30 19:27:30,390] Trial 4 finished with value: 0.8350168350168351 and parameters: {'n_estimators': 437, 'max_depth': 3, 'lr': 0.030860579740535368, 'num_leaves': 23, 'mcs': 2, 'subsample': 0.9795542149013333, 'col_bt': 0.9828160165372797}. Best is trial 0 with value: 0.8962962962962964.
  [I 2026-09-30 19:27:30,476] Trial 5 finished with value: 0.872053872053872 and parameters: {'n_estimators': 524, 'max_depth': 4, 'lr': 0.006699530280754897, 'num_leaves': 48, 'mcs': 5, 'subsample': 0.6488152939379115, 'col_bt': 0.7475884550556351}. Best is trial 0 with value: 0.8962962962962964.
  [I 2026-09-30 19:27:30,532] Trial 6 finished with value: 0.7887205387205386 and parameters: {'n_estimators': 213, 'max_depth': 7, 'lr': 0.010855517271883068, 'num_leaves': 47, 'mcs': 4, 'subsample': 0.8080272084711243, 'col_bt': 0.7733551396716398}. Best is trial 0 with value: 0.8962962962962964.
  [I 2026-09-30 19:27:30,559] Trial 7 finished with value: 0.2380952380952381 and parameters: {'n_estimators': 274, 'max_depth': 7, 'lr': 0.050984839695857445, 'num_leaves': 61, 'mcs': 10, 'subsample': 0.8391599915244341, 'col_bt': 0.9609371175115584}. Best is trial 0 with value: 0.8962962962962964.
  [I 2026-09-30 19:27:30,605] Trial 8 finished with value: 0.8257575757575758 and parameters: {'n_estimators': 235, 'max_depth': 3, 'lr': 0.005725482134163321, 'num_leaves': 30, 'mcs': 5, 'subsample': 0.7085396127095583, 'col_bt': 0.9143687545759647}. Best is trial 0 with value: 0.8962962962962964.
  [I 2026-09-30 19:27:30,637] Trial 9 finished with value: 0.4805194805194805 and parameters: {'n_estimators': 343, 'max_depth': 4, 'lr': 0.025411709798607296, 'num_leaves': 21, 'mcs': 9, 'subsample': 0.6298202574719083, 'col_bt': 0.9934434683002586}. Best is trial 0 with value: 0.8962962962962964.
  [I 2026-09-30 19:27:30,721] Trial 10 finished with value: 0.8350168350168351 and parameters: {'n_estimators': 330, 'max_depth': 6, 'lr': 0.09063680524930631, 'num_leaves': 44, 'mcs': 2, 'subsample': 0.8685075459270867, 'col_bt': 0.6038094208107588}. Best is trial 0 with value: 0.8962962962962964.
  [I 2026-09-30 19:27:30,801] Trial 11 finished with value: 0.872053872053872 and parameters: {'n_estimators': 411, 'max_depth': 7, 'lr': 0.06923930694853382, 'num_leaves': 47, 'mcs': 3, 'subsample': 0.6148391351530612, 'col_bt': 0.5846353866422734}. Best is trial 0 with value: 0.8962962962962964.
  [I 2026-09-30 19:27:30,872] Trial 12 finished with value: 0.872053872053872 and parameters: {'n_estimators': 378, 'max_depth': 7, 'lr': 0.06969229501392962, 'num_leaves': 43, 'mcs': 3, 'subsample': 0.7519655022114617, 'col_bt': 0.8956904062724801}. Best is trial 0 with value: 0.8962962962962964.
  [I 2026-09-30 19:27:30,948] Trial 13 finished with value: 0.8592592592592592 and parameters: {'n_estimators': 402, 'max_depth': 7, 'lr': 0.016017018746859884, 'num_leaves': 44, 'mcs': 4, 'subsample': 0.7029665991302496, 'col_bt': 0.5282715934453908}. Best is trial 0 with value: 0.8962962962962964.
  [I 2026-09-30 19:27:31,025] Trial 14 finished with value: 0.7887205387205386 and parameters: {'n_estimators': 319, 'max_depth': 3, 'lr': 0.015070991315831114, 'num_leaves': 41, 'mcs': 4, 'subsample': 0.7701978682672441, 'col_bt': 0.960688390481209}. Best is trial 0 with value: 0.8962962962962964.
  [I 2026-09-30 19:27:31,094] Trial 15 finished with value: 0.8350168350168351 and parameters: {'n_estimators': 247, 'max_depth': 7, 'lr': 0.06854199766975894, 'num_leaves': 54, 'mcs': 2, 'subsample': 0.6795365424497721, 'col_bt': 0.6192359630706479}. Best is trial 0 with value: 0.8962962962962964.
  [I 2026-09-30 19:27:31,155] Trial 16 finished with value: 0.8350168350168351 and parameters: {'n_estimators': 282, 'max_depth': 6, 'lr': 0.024621573940903082, 'num_leaves': 38, 'mcs': 5, 'subsample': 0.6269376756618017, 'col_bt': 0.5341205443261308}. Best is trial 0 with value: 0.8962962962962964.
  [I 2026-09-30 19:27:31,247] Trial 17 finished with value: 0.872053872053872 and parameters: {'n_estimators': 360, 'max_depth': 4, 'lr': 0.02445767315536857, 'num_leaves': 54, 'mcs': 3, 'subsample': 0.7667698433310002, 'col_bt': 0.6219374804317841}. Best is trial 0 with value: 0.8962962962962964.
  [I 2026-09-30 19:27:31,392] Trial 18 finished with value: 0.8350168350168351 and parameters: {'n_estimators': 370, 'max_depth': 4, 'lr': 0.09677994138872463, 'num_leaves': 39, 'mcs': 5, 'subsample': 0.6847974300930969, 'col_bt': 0.6238542756512301}. Best is trial 0 with value: 0.8962962962962964.
  [I 2026-09-30 19:27:31,465] Trial 19 finished with value: 0.8425925925925926 and parameters: {'n_estimators': 391, 'max_depth': 6, 'lr': 0.055486851179422376, 'num_leaves': 40, 'mcs': 4, 'subsample': 0.6022333485623645, 'col_bt': 0.763344539619259}. Best is trial 0 with value: 0.8962962962962964.
  [I 2026-09-30 19:27:31,543] Trial 20 finished with value: 0.8592592592592592 and parameters: {'n_estimators': 234, 'max_depth': 7, 'lr': 0.026910635373921472, 'num_leaves': 44, 'mcs': 2, 'subsample': 0.6547145032111998, 'col_bt': 0.7094147993948307}. Best is trial 0 with value: 0.8962962962962964.
  [I 2026-09-30 19:27:31,622] Trial 21 finished with value: 0.797979797979798 and parameters: {'n_estimators': 565, 'max_depth': 4, 'lr': 0.005197300683765147, 'num_leaves': 50, 'mcs': 6, 'subsample': 0.6784923082637169, 'col_bt': 0.7284919277345628}. Best is trial 0 with value: 0.8962962962962964.
  [I 2026-09-30 19:27:31,678] Trial 22 finished with value: 0.8257575757575758 and parameters: {'n_estimators': 298, 'max_depth': 3, 'lr': 0.006973118598720637, 'num_leaves': 43, 'mcs': 5, 'subsample': 0.7206758415993154, 'col_bt': 0.664814128399442}. Best is trial 0 with value: 0.8962962962962964.
  [I 2026-09-30 19:27:31,740] Trial 23 finished with value: 0.797979797979798 and parameters: {'n_estimators': 341, 'max_depth': 4, 'lr': 0.010521106249755859, 'num_leaves': 51, 'mcs': 6, 'subsample': 0.609523821047968, 'col_bt': 0.8722297080040892}. Best is trial 0 with value: 0.8962962962962964.
  [I 2026-09-30 19:27:31,809] Trial 24 finished with value: 0.812962962962963 and parameters: {'n_estimators': 331, 'max_depth': 3, 'lr': 0.018702051622798612, 'num_leaves': 35, 'mcs': 4, 'subsample': 0.6178436352545694, 'col_bt': 0.7708058992905645}. Best is trial 0 with value: 0.8962962962962964.
RESULT: smoke_imbalanced -> PASS

------------------------------------------------------------------------------
STEP: inference
cmd : C:\Python314\python.exe -X utf8 C:\Users\redwa\AppData\Local\Temp\opencode\infer_test.py
------------------------------------------------------------------------------
  === inference with label unknown (live-usage path) ===
    LIVE-STAR: CNN=0.509 (thr 0.500)  BiLSTM=0.505  -> C:\Users\redwa\AppData\Local\Temp\opencode\smoke\infer\LIVE-STAR.json  valid JSON
  
  === metrics reused from the training manifest ===
    cnn.accuracy  : 0.5
    xgb.accuracy  : 0.5
    cnnThreshold  : 0.5
    prediction    : planet  cnnConf: 0.5085
    LIVE-STAR-2: CNN=0.509 (thr 0.500)  BiLSTM=0.505  -> C:\Users\redwa\AppData\Local\Temp\opencode\smoke\infer\LIVE-STAR-2.json  valid JSON
  
    missing-artefact guard raised FileNotFoundError as expected
  
  json files written: ['LIVE-STAR-2.json', 'LIVE-STAR.json']
  
  === INFERENCE TEST PASSED ===
RESULT: inference -> PASS

------------------------------------------------------------------------------
STEP: js_syntax
cmd : C:\Python314\python.exe -X utf8 C:\Users\redwa\AppData\Local\Temp\opencode\check_js.py
------------------------------------------------------------------------------
  script blocks found: 1
  block 0: 56276 chars -> OK
RESULT: js_syntax -> PASS

------------------------------------------------------------------------------
STEP: js_behaviour
cmd : node C:\Users\redwa\AppData\Local\Temp\opencode\proto_test.js
------------------------------------------------------------------------------
  === unit: cnnDecision resolution order ===
  === unit: norm() never fabricates ===
  === unit: formatters render em dash ===
  === unit: label-derived live-NASA shape ===
  === integration: real pipeline JSON ===
    batch json: 12  inference json: 2
  
  === PROTOTYPE LOGIC TEST PASSED ===
RESULT: js_behaviour -> PASS

==============================================================================
SUMMARY: 7/7 passed
ALL CHECKS PASSED
finished: 2026-09-30T19:29:46
==============================================================================
