  [I 2026-09-30 19:25:12,903] Trial 6 finished with value: 0.26666666666666666 and parameters: {'n_estimators': 213, 'max_depth': 7, 'lr': 0.010855517271883068, 'num_leaves': 47, 'mcs': 4, 'subsample': 0.8080272084711243, 'col_bt': 0.7733551396716398}. Best is trial 0 with value: 0.26666666666666666.
  [I 2026-09-30 19:25:12,933] Trial 7 finished with value: 0.26666666666666666 and parameters: {'n_estimators': 274, 'max_depth': 7, 'lr': 0.050984839695857445, 'num_leaves': 61, 'mcs': 10, 'subsample': 0.8391599915244341, 'col_bt': 0.9609371175115584}. Best is trial 0 with value: 0.26666666666666666.
  [I 2026-09-30 19:25:12,962] Trial 8 finished with value: 0.26666666666666666 and parameters: {'n_estimators': 235, 'max_depth': 3, 'lr': 0.005725482134163321, 'num_leaves': 30, 'mcs': 5, 'subsample': 0.7085396127095583, 'col_bt': 0.9143687545759647}. Best is trial 0 with value: 0.26666666666666666.
  [I 2026-09-30 19:25:12,992] Trial 9 finished with value: 0.26666666666666666 and parameters: {'n_estimators': 343, 'max_depth': 4, 'lr': 0.025411709798607296, 'num_leaves': 21, 'mcs': 9, 'subsample': 0.6298202574719083, 'col_bt': 0.9934434683002586}. Best is trial 0 with value: 0.26666666666666666.
  [I 2026-09-30 19:25:13,054] Trial 10 finished with value: 0.16666666666666666 and parameters: {'n_estimators': 330, 'max_depth': 6, 'lr': 0.09063680524930631, 'num_leaves': 44, 'mcs': 2, 'subsample': 0.8685075459270867, 'col_bt': 0.6038094208107588}. Best is trial 0 with value: 0.26666666666666666.
  [I 2026-09-30 19:25:13,089] Trial 11 finished with value: 0.26666666666666666 and parameters: {'n_estimators': 472, 'max_depth': 7, 'lr': 0.08967624204211318, 'num_leaves': 28, 'mcs': 9, 'subsample': 0.7099484017951943, 'col_bt': 0.5778421149165247}. Best is trial 0 with value: 0.26666666666666666.
  [I 2026-09-30 19:25:13,125] Trial 12 finished with value: 0.26666666666666666 and parameters: {'n_estimators': 592, 'max_depth': 6, 'lr': 0.05960669745320851, 'num_leaves': 18, 'mcs': 10, 'subsample': 0.8362466466238035, 'col_bt': 0.6224013868315287}. Best is trial 0 with value: 0.26666666666666666.
  [I 2026-09-30 19:25:13,174] Trial 13 finished with value: 0.16666666666666666 and parameters: {'n_estimators': 309, 'max_depth': 7, 'lr': 0.0475097181570186, 'num_leaves': 60, 'mcs': 2, 'subsample': 0.6769603486924796, 'col_bt': 0.5315834716678886}. Best is trial 0 with value: 0.26666666666666666.
  [I 2026-09-30 19:25:13,207] Trial 14 finished with value: 0.26666666666666666 and parameters: {'n_estimators': 375, 'max_depth': 6, 'lr': 0.04637279701555017, 'num_leaves': 24, 'mcs': 4, 'subsample': 0.9124916696087662, 'col_bt': 0.6422618612837242}. Best is trial 0 with value: 0.26666666666666666.
  [I 2026-09-30 19:25:13,241] Trial 15 finished with value: 0.26666666666666666 and parameters: {'n_estimators': 554, 'max_depth': 6, 'lr': 0.045857145660115235, 'num_leaves': 37, 'mcs': 10, 'subsample': 0.9048247444588218, 'col_bt': 0.6971570976112198}. Best is trial 0 with value: 0.26666666666666666.
  [I 2026-09-30 19:25:13,284] Trial 16 finished with value: 0.16666666666666666 and parameters: {'n_estimators': 233, 'max_depth': 7, 'lr': 0.052570561406170786, 'num_leaves': 54, 'mcs': 2, 'subsample': 0.8354756280015476, 'col_bt': 0.623712088801301}. Best is trial 0 with value: 0.26666666666666666.
  [I 2026-09-30 19:25:13,321] Trial 17 finished with value: 0.26666666666666666 and parameters: {'n_estimators': 426, 'max_depth': 7, 'lr': 0.06578717820892471, 'num_leaves': 27, 'mcs': 6, 'subsample': 0.6052803043942712, 'col_bt': 0.5555879237629424}. Best is trial 0 with value: 0.26666666666666666.
  [I 2026-09-30 19:25:13,441] Trial 18 finished with value: 0.26666666666666666 and parameters: {'n_estimators': 581, 'max_depth': 6, 'lr': 0.04242491908408404, 'num_leaves': 32, 'mcs': 8, 'subsample': 0.9982472119437555, 'col_bt': 0.5520346705049977}. Best is trial 0 with value: 0.26666666666666666.
  [I 2026-09-30 19:25:13,485] Trial 19 finished with value: 0.26666666666666666 and parameters: {'n_estimators': 553, 'max_depth': 7, 'lr': 0.03852283195967455, 'num_leaves': 39, 'mcs': 7, 'subsample': 0.8446238630219048, 'col_bt': 0.5065701578589041}. Best is trial 0 with value: 0.26666666666666666.
  [I 2026-09-30 19:25:13,537] Trial 20 finished with value: 0.16666666666666666 and parameters: {'n_estimators': 226, 'max_depth': 7, 'lr': 0.03535072284690293, 'num_leaves': 42, 'mcs': 2, 'subsample': 0.6917154699174065, 'col_bt': 0.6120050880644838}. Best is trial 0 with value: 0.26666666666666666.
  [I 2026-09-30 19:25:13,586] Trial 21 finished with value: 0.26666666666666666 and parameters: {'n_estimators': 540, 'max_depth': 7, 'lr': 0.05154743308689003, 'num_leaves': 44, 'mcs': 3, 'subsample': 0.6455724282811314, 'col_bt': 0.5125549583188846}. Best is trial 0 with value: 0.26666666666666666.
  [I 2026-09-30 19:25:13,624] Trial 22 finished with value: 0.26666666666666666 and parameters: {'n_estimators': 318, 'max_depth': 7, 'lr': 0.07773754982724766, 'num_leaves': 45, 'mcs': 4, 'subsample': 0.624961943145361, 'col_bt': 0.5985920952003141}. Best is trial 0 with value: 0.26666666666666666.
  [I 2026-09-30 19:25:13,659] Trial 23 finished with value: 0.26666666666666666 and parameters: {'n_estimators': 339, 'max_depth': 7, 'lr': 0.06532256546323113, 'num_leaves': 42, 'mcs': 4, 'subsample': 0.7230002716940171, 'col_bt': 0.5014205725858887}. Best is trial 0 with value: 0.26666666666666666.
  [I 2026-09-30 19:25:13,707] Trial 24 finished with value: 0.16666666666666666 and parameters: {'n_estimators': 286, 'max_depth': 6, 'lr': 0.053249935332612165, 'num_leaves': 37, 'mcs': 2, 'subsample': 0.800723266725344, 'col_bt': 0.5355490682436933}. Best is trial 0 with value: 0.26666666666666666.
RESULT: smoke_balanced -> PASS

------------------------------------------------------------------------------
STEP: smoke_imbalanced
cmd : C:\Python314\python.exe -X utf8 C:\Users\redwa\AppData\Local\Temp\opencode\smoke_imbalanced.py
------------------------------------------------------------------------------
  === running full pipeline on 26 synthetic targets ===
  === STEP 1: Data collection ===
    [K01000.01]
    Using columns: time='phase', flux='flux', label='label'
      label=planet
    [K01001.01]
    Using columns: time='phase', flux='flux', label='label'
      label=planet
    [K01002.01]
    Using columns: time='phase', flux='flux', label='label'
      label=planet
    [K01003.01]
    Using columns: time='phase', flux='flux', label='label'
      label=planet
    [K01004.01]
    Using columns: time='phase', flux='flux', label='label'
      label=planet
    [K01005.01]
    Using columns: time='phase', flux='flux', label='label'
      label=false_positive
    [K01006.01]
    Using columns: time='phase', flux='flux', label='label'
      label=false_positive
    [K01007.01]
    Using columns: time='phase', flux='flux', label='label'
      label=false_positive
    [K01008.01]
    Using columns: time='phase', flux='flux', label='label'
      label=false_positive
    [K01009.01]
    Using columns: time='phase', flux='flux', label='label'
      label=false_positive
    [K01010.01]
    Using columns: time='phase', flux='flux', label='label'
      label=false_positive
    [K01011.01]
    Using columns: time='phase', flux='flux', label='label'
      label=false_positive
    [K01012.01]
    Using columns: time='phase', flux='flux', label='label'
      label=false_positive
    [K01013.01]
    Using columns: time='phase', flux='flux', label='label'
      label=false_positive
    [K01014.01]
    Using columns: time='phase', flux='flux', label='label'
      label=false_positive
    [K01015.01]
    Using columns: time='phase', flux='flux', label='label'
      label=false_positive
    [K01016.01]
    Using columns: time='phase', flux='flux', label='label'
      label=false_positive
    [K01017.01]
    Using columns: time='phase', flux='flux', label='label'
      label=false_positive
    [K01018.01]
    Using columns: time='phase', flux='flux', label='label'
      label=false_positive
    [K01019.01]
    Using columns: time='phase', flux='flux', label='label'
      label=false_positive
    [K01020.01]
    Using columns: time='phase', flux='flux', label='label'
      label=false_positive
    [K01021.01]
    Using columns: time='phase', flux='flux', label='label'
      label=false_positive
    [K01022.01]
    Using columns: time='phase', flux='flux', label='label'
      label=false_positive
    [K01023.01]
    Using columns: time='phase', flux='flux', label='label'
      label=false_positive
    [K01024.01]
    Using columns: time='phase', flux='flux', label='label'
      label=false_positive
    [K09000.01]
    Using columns: time='phase', flux='flux', label='label'
    label 'candidate' is not determinate - treated as unknown.
      label=unknown
      SKIPPED: archive label is not determinate - cannot be used for supervised training or honest accuracy reporting.
    note: K09000.01 excluded (label=unknown)
  
    Samples: 25  planets: 5  non-planets: 20  host stars: 25  pos_weight=4.00
    Train: 16  Val: 5  Test: 4
    Test host stars: ['K01010', 'K01012', 'K01017', 'K01020']
    SMOTE: 16 -> 26 training samples
  
  === STEP 2: Tabular models ===
    Tuning XGBoost with Optuna (25 trials)...
      Optuna XGB best F1=0.785  params={'max_depth': 3, 'lr': 0.057532041236250865, 'n_estimators': 483, 'subsample': 0.8916028672163949, 'col_bt': 0.8856351733429728, 'alpha': 0.07404465173409036, 'lambda': 1.3961643213606816, 'mcw': 1, 'gamma': 0.43155171293779676}
    Tuning Random Forest with RandomizedSearchCV...
      RS best F1=0.909  params={'n_estimators': 600, 'min_samples_leaf': 2, 'max_features': 'log2', 'max_depth': 12}
    Tuning Extra Trees with RandomizedSearchCV...
      RS best F1=0.933  params={'n_estimators': 300, 'min_samples_leaf': 1, 'max_features': 'sqrt'}
    Tuning LightGBM with Optuna (25 trials)...
      Optuna LGBM best F1=0.896  params={'n_estimators': 350, 'max_depth': 7, 'lr': 0.044803926826840625, 'num_leaves': 44, 'mcs': 3, 'subsample': 0.662397808134481, 'col_bt': 0.5290418060840998}
    Building StackingClassifier meta-ensemble...
  
    Model                    Accuracy Precision   Recall       F1      AUC   PR-AUC   BalAcc     MCC     CV F1/    std    Thr
    ------------------------------------------------------------------------------------------------------------------------------
      Logistic Regression        0.8000    1.0000   0.5000   0.6667   0.5000   0.7000   0.7500   0.612    0.0000/ 0.0000  0.440
      Decision Tree              0.2000    0.0000   0.0000   0.0000   0.1667   0.4000   0.1667  -0.667    0.0000/ 0.0000  0.500
      KNN                        0.8000    1.0000   0.5000   0.6667   0.7500   0.7000   0.7500   0.612    0.0000/ 0.0000  0.312
      SVM                        0.6000    0.5000   1.0000   0.6667   0.3333   0.4167   0.6667   0.408    0.0000/ 0.0000  0.127
      Random Forest              0.8000    1.0000   0.5000   0.6667   0.5000   0.7000   0.7500   0.612    0.0000/ 0.0000  0.264
      Extra Trees                0.6000    0.0000   0.0000   0.0000   0.1667   0.3667   0.5000   0.000    0.0000/ 0.0000  0.500
      MLP                        0.8000    1.0000   0.5000   0.6667   0.5000   0.7000   0.7500   0.612    0.0000/ 0.0000  0.492
      XGBoost                    0.8000    1.0000   0.5000   0.6667   0.5000   0.7000   0.7500   0.612    0.0000/ 0.0000  0.273
      LightGBM                   0.6000    0.5000   1.0000   0.6667   0.5000   0.5000   0.6667   0.408    0.0000/ 0.0000  0.000
      Stacking Ensemble          0.8000    1.0000   0.5000   0.6667   0.5000   0.7000   0.7500   0.612    0.4667/ 0.4000  0.193
  
    Held-out test evaluation (validation thresholds, never re-tuned):
      Logistic Regression      Acc=0.5000  F1=0.0000  (thr=0.440)
      Decision Tree            Acc=0.5000  F1=0.0000  (thr=0.500)
      KNN                      Acc=0.7500  F1=0.0000  (thr=0.312)
      SVM                      Acc=0.7500  F1=0.0000  (thr=0.127)
      Random Forest            Acc=0.5000  F1=0.0000  (thr=0.264)
      Extra Trees              Acc=1.0000  F1=0.0000  (thr=0.500)
      MLP                      Acc=0.5000  F1=0.0000  (thr=0.492)
      XGBoost                  Acc=0.5000  F1=0.0000  (thr=0.273)
      LightGBM                 Acc=0.0000  F1=0.0000  (thr=0.000)
      Stacking Ensemble        Acc=0.7500  F1=0.0000  (thr=0.193)
  
  === STEP 3: DualView CNN ===
    DualViewCNN trainable params: 156,634
    CNN Youden threshold: 0.500  (best val F1 0.5714)
    CNN metrics: {'accuracy': 0.4, 'precision': 0.4, 'recall': 1.0, 'f1': 0.5714, 'auc': 0.25, 'mcc': 0.0}
  
  === STEP 4: BiLSTM ===
    BiLSTM trainable params: 150,339
    BiLSTM Youden threshold: 0.500
    BiLSTM metrics: {'accuracy': 0.4, 'precision': 0.4, 'recall': 1.0, 'f1': 0.5714, 'auc': 0.25, 'mcc': 0.0}
  
  === STEP 5: All-star inference with 7-pass TTA ===
    CNN predicted 25 planets / 25 stars
    BiLSTM predicted 25 planets / 25 stars
  
  === STEP 6: Explainability ===
    Faithfulness=0.0  Sparsity=0.452  Consistency=0.9668
    Top-3 features: ['transit_symmetry', 'mean', 'transit_phase_shift']
  
  === STEP 7: Save artefacts ===
  
  === STEP 8: Figures ===
  
  === STEP 9: Per-star export ===
    K01000.01      truth=planet  cnn=planet  conf=0.508  valid JSON
    K01001.01      truth=planet  cnn=planet  conf=0.508  valid JSON
    K01002.01      truth=planet  cnn=planet  conf=0.508  valid JSON
    K01003.01      truth=planet  cnn=planet  conf=0.508  valid JSON
    K01004.01      truth=planet  cnn=planet  conf=0.508  valid JSON
    K01005.01      truth=fp      cnn=planet  conf=0.508  valid JSON  MISMATCH
    K01006.01      truth=fp      cnn=planet  conf=0.508  valid JSON  MISMATCH
    K01007.01      truth=fp      cnn=planet  conf=0.508  valid JSON  MISMATCH
    K01008.01      truth=fp      cnn=planet  conf=0.508  valid JSON  MISMATCH
    K01009.01      truth=fp      cnn=planet  conf=0.508  valid JSON  MISMATCH
    K01010.01      truth=fp      cnn=planet  conf=0.508  valid JSON  MISMATCH
    K01011.01      truth=fp      cnn=planet  conf=0.508  valid JSON  MISMATCH
    K01012.01      truth=fp      cnn=planet  conf=0.508  valid JSON  MISMATCH
    K01013.01      truth=fp      cnn=planet  conf=0.508  valid JSON  MISMATCH
    K01014.01      truth=fp      cnn=planet  conf=0.508  valid JSON  MISMATCH
    K01015.01      truth=fp      cnn=planet  conf=0.508  valid JSON  MISMATCH
    K01016.01      truth=fp      cnn=planet  conf=0.508  valid JSON  MISMATCH
    K01017.01      truth=fp      cnn=planet  conf=0.508  valid JSON  MISMATCH
    K01018.01      truth=fp      cnn=planet  conf=0.508  valid JSON  MISMATCH
    K01019.01      truth=fp      cnn=planet  conf=0.508  valid JSON  MISMATCH
    K01020.01      truth=fp      cnn=planet  conf=0.508  valid JSON  MISMATCH
    K01021.01      truth=fp      cnn=planet  conf=0.508  valid JSON  MISMATCH
    K01022.01      truth=fp      cnn=planet  conf=0.508  valid JSON  MISMATCH
    K01023.01      truth=fp      cnn=planet  conf=0.508  valid JSON  MISMATCH
    K01024.01      truth=fp      cnn=planet  conf=0.508  valid JSON  MISMATCH
  
  === SUMMARY ===
    Logistic Regression      Acc=0.800  F1=0.667  AUC=0.500
    Decision Tree            Acc=0.200  F1=0.000  AUC=0.167
    KNN                      Acc=0.800  F1=0.667  AUC=0.750
    SVM                      Acc=0.600  F1=0.667  AUC=0.333
    Random Forest            Acc=0.800  F1=0.667  AUC=0.500
    Extra Trees              Acc=0.600  F1=0.000  AUC=0.167
    MLP                      Acc=0.800  F1=0.667  AUC=0.500
    XGBoost                  Acc=0.800  F1=0.667  AUC=0.500
    LightGBM                 Acc=0.600  F1=0.667  AUC=0.500
    Stacking Ensemble        Acc=0.800  F1=0.667  AUC=0.500
    DualView CNN             Acc=0.400  F1=0.571  AUC=0.250
    BiLSTM                   Acc=0.400  F1=0.571  AUC=0.250
  
    Results -> C:\Users\redwa\AppData\Local\Temp\opencode\smoke_imb\results/
    Models  -> C:\Users\redwa\AppData\Local\Temp\opencode\smoke_imb\models/
  
  === POST-RUN ASSERTIONS ===
  results written : 25
  json files      : 25
  model files     : ['bilstm.pt', 'cnn_dualview.pt', 'manifest.json', 'xgboost.json']
  metrics in json : cnn keys = ['accuracy', 'auc', 'bal_acc', 'cv_f1_mean', 'cv_f1_std', 'f1', 'fn', 'fp', 'mcc', 'pr_auc', 'precision', 'recall', 'tn', 'tp']
  
  === IMBALANCED SMOKE TEST PASSED ===
  [I 2026-09-30 19:27:04,554] A new study created in memory with name: no-name-a4515d15-d19e-42ec-8657-2c3680cd5608
  [I 2026-09-30 19:27:04,733] Trial 0 finished with value: 0.6654456654456654 and parameters: {'max_depth': 4, 'lr': 0.0862735828664018, 'n_estimators': 493, 'subsample': 0.8394633936788146, 'col_bt': 0.5780093202212182, 'alpha': 0.15599452033620265, 'lambda': 0.6452090304204987, 'mcw': 7, 'gamma': 0.3005575058716044}. Best is trial 0 with value: 0.6654456654456654.
  [I 2026-09-30 19:27:04,980] Trial 1 finished with value: 0.6654456654456654 and parameters: {'max_depth': 6, 'lr': 0.005318033256270142, 'n_estimators': 588, 'subsample': 0.9329770563201687, 'col_bt': 0.6061695553391381, 'alpha': 0.18182496720710062, 'lambda': 0.9585112746335845, 'mcw': 3, 'gamma': 0.2623782158161189}. Best is trial 0 with value: 0.6654456654456654.
  [I 2026-09-30 19:27:05,134] Trial 2 finished with value: 0.6654456654456654 and parameters: {'max_depth': 5, 'lr': 0.011963764382790322, 'n_estimators': 445, 'subsample': 0.6557975442608167, 'col_bt': 0.6460723242676091, 'alpha': 0.3663618432936917, 'lambda': 1.64017496054259, 'mcw': 6, 'gamma': 0.09983689107917987}. Best is trial 0 with value: 0.6654456654456654.
  [I 2026-09-30 19:27:05,217] Trial 3 finished with value: 0.6654456654456654 and parameters: {'max_depth': 5, 'lr': 0.029493012052163467, 'n_estimators': 218, 'subsample': 0.8430179407605753, 'col_bt': 0.5852620618436457, 'alpha': 0.06505159298527952, 'lambda': 2.8722138431333333, 'mcw': 7, 'gamma': 0.40419867405823057}. Best is trial 0 with value: 0.6654456654456654.
  [I 2026-09-30 19:27:05,371] Trial 4 finished with value: 0.6654456654456654 and parameters: {'max_depth': 4, 'lr': 0.006699530280754897, 'n_estimators': 474, 'subsample': 0.7760609974958406, 'col_bt': 0.5610191174223894, 'alpha': 0.4951769101112702, 'lambda': 0.585971302788046, 'mcw': 7, 'gamma': 0.12938999080000846}. Best is trial 0 with value: 0.6654456654456654.
  [I 2026-09-30 19:27:05,513] Trial 5 finished with value: 0.6654456654456654 and parameters: {'max_depth': 6, 'lr': 0.012720830454691846, 'n_estimators': 408, 'subsample': 0.8186841117373118, 'col_bt': 0.5924272277627636, 'alpha': 0.9695846277645586, 'lambda': 2.4378320584027864, 'mcw': 7, 'gamma': 0.4474136752138244}. Best is trial 0 with value: 0.6654456654456654.
  [I 2026-09-30 19:27:05,615] Trial 6 finished with value: 0.7229437229437229 and parameters: {'max_depth': 5, 'lr': 0.07913270952323785, 'n_estimators': 235, 'subsample': 0.6783931449676581, 'col_bt': 0.522613644455269, 'alpha': 0.32533033076326434, 'lambda': 1.471693224223705, 'mcw': 2, 'gamma': 0.41436875457596467}. Best is trial 6 with value: 0.7229437229437229.
  [I 2026-09-30 19:27:05,767] Trial 7 finished with value: 0.6654456654456654 and parameters: {'max_depth': 4, 'lr': 0.011600433752378412, 'n_estimators': 417, 'subsample': 0.6563696899899051, 'col_bt': 0.9010984903770198, 'alpha': 0.07455064367977082, 'lambda': 2.9672173415012932, 'mcw': 6, 'gamma': 0.0993578407670862}. Best is trial 6 with value: 0.7229437229437229.
  [I 2026-09-30 19:27:05,931] Trial 8 finished with value: 0.7851851851851852 and parameters: {'max_depth': 3, 'lr': 0.057532041236250865, 'n_estimators': 483, 'subsample': 0.8916028672163949, 'col_bt': 0.8856351733429728, 'alpha': 0.07404465173409036, 'lambda': 1.3961643213606816, 'mcw': 1, 'gamma': 0.43155171293779676}. Best is trial 8 with value: 0.7851851851851852.
  [I 2026-09-30 19:27:06,014] Trial 9 finished with value: 0.6654456654456654 and parameters: {'max_depth': 6, 'lr': 0.013473432786208842, 'n_estimators': 225, 'subsample': 0.7243929286862649, 'col_bt': 0.6625916610133735, 'alpha': 0.7296061783380641, 'lambda': 2.093893678388033, 'mcw': 7, 'gamma': 0.23610746258097465}. Best is trial 8 with value: 0.7851851851851852.
  [I 2026-09-30 19:27:06,228] Trial 10 finished with value: 0.7851851851851852 and parameters: {'max_depth': 4, 'lr': 0.026059848085203775, 'n_estimators': 495, 'subsample': 0.8715202756313167, 'col_bt': 0.8975271648661712, 'alpha': 0.2715823238234402, 'lambda': 2.645008184359146, 'mcw': 1, 'gamma': 0.39950374186134124}. Best is trial 8 with value: 0.7851851851851852.
  [I 2026-09-30 19:27:06,434] Trial 11 finished with value: 0.7412587412587414 and parameters: {'max_depth': 4, 'lr': 0.0482239001148658, 'n_estimators': 537, 'subsample': 0.8657003856385002, 'col_bt': 0.8691517630930399, 'alpha': 0.24741718267777596, 'lambda': 0.9158465174978156, 'mcw': 2, 'gamma': 0.32717348713863725}. Best is trial 8 with value: 0.7851851851851852.
  [I 2026-09-30 19:27:06,584] Trial 12 finished with value: 0.7609427609427609 and parameters: {'max_depth': 4, 'lr': 0.0663817747364826, 'n_estimators': 424, 'subsample': 0.8809976153878333, 'col_bt': 0.9080227434306594, 'alpha': 0.11683150321485497, 'lambda': 2.3530149748993523, 'mcw': 1, 'gamma': 0.34988009666919434}. Best is trial 8 with value: 0.7851851851851852.
  [I 2026-09-30 19:27:06,782] Trial 13 finished with value: 0.7655011655011655 and parameters: {'max_depth': 3, 'lr': 0.01740669156857702, 'n_estimators': 528, 'subsample': 0.9070466875640343, 'col_bt': 0.9351173946758109, 'alpha': 0.046161241915835434, 'lambda': 1.2642460654071264, 'mcw': 2, 'gamma': 0.4294590231422597}. Best is trial 8 with value: 0.7851851851851852.
